[NX Daemon Server] - 2025-02-19T07:27:07.220Z - Started listening on: \\.\pipe\nx\C:\Users\User\AppData\Local\Temp\b77667486b3ec716421b\d.sock
[NX Daemon Server] - 2025-02-19T07:27:07.227Z - [WATCHER]: Subscribed to changes within: C:\Users\User\Downloads\Clone-Project (native)
[NX Daemon Server] - 2025-02-19T07:27:07.232Z - Established a connection. Number of open connections: 1
[NX Daemon Server] - 2025-02-19T07:27:07.234Z - Established a connection. Number of open connections: 2
[NX Daemon Server] - 2025-02-19T07:27:07.236Z - Closed a connection. Number of open connections: 1
[NX Daemon Server] - 2025-02-19T07:27:07.239Z - [REQUEST]: Client Request for Project Graph Received
[NX Daemon Server] - 2025-02-19T07:27:07.274Z - Time taken for 'loadSpecifiedNxPlugins' 3.4406000000001313ms
[NX Daemon Server] - 2025-02-19T07:27:07.777Z - Time taken for 'Load Nx Plugin: C:\Users\User\Downloads\Clone-Project\node_modules\nx\src\plugins\package-json' 534.7361000000001ms
[NX Daemon Server] - 2025-02-19T07:27:07.786Z - Time taken for 'Load Nx Plugin: C:\Users\User\Downloads\Clone-Project\node_modules\nx\src\plugins\project-json\build-nodes\project-json' 542.4784ms
[NX Daemon Server] - 2025-02-19T07:27:07.817Z - [REQUEST]: Updated workspace context based on watched changes, recomputing project graph...
[NX Daemon Server] - 2025-02-19T07:27:07.817Z - [REQUEST]: 
[NX Daemon Server] - 2025-02-19T07:27:07.817Z - [REQUEST]: 
[NX Daemon Server] - 2025-02-19T07:27:07.826Z - Time taken for 'loadDefaultNxPlugins' 575.9775ms
[NX Daemon Server] - 2025-02-19T07:27:07.871Z - Time taken for 'build-project-configs' 25.244700000000194ms
[NX Daemon Server] - 2025-02-19T07:27:07.925Z - [SYNC]: collect registered sync generators
[NX Daemon Server] - 2025-02-19T07:27:07.927Z - [REQUEST]: Responding to the client. project-graph
[NX Daemon Server] - 2025-02-19T07:27:07.928Z - Time taken for 'total for creating and serializing project graph' 687.9402ms
[NX Daemon Server] - 2025-02-19T07:27:07.929Z - Done responding to the client project-graph
[NX Daemon Server] - 2025-02-19T07:27:07.929Z - Handled REQUEST_PROJECT_GRAPH. Handling time: 688. Response time: 2.
[NX Daemon Server] - 2025-02-19T07:27:07.936Z - [REQUEST]: Responding to the client. handleContextFileData
[NX Daemon Server] - 2025-02-19T07:27:07.937Z - Done responding to the client handleContextFileData
[NX Daemon Server] - 2025-02-19T07:27:07.937Z - Handled GET_CONTEXT_FILE_DATA. Handling time: 0. Response time: 1.
[NX Daemon Server] - 2025-02-19T07:27:07.959Z - [REQUEST]: Client Request for Project Graph Received
[NX Daemon Server] - 2025-02-19T07:27:07.960Z - [REQUEST]: Responding to the client. project-graph
[NX Daemon Server] - 2025-02-19T07:27:07.961Z - Time taken for 'total for creating and serializing project graph' 1.179200000000037ms
[NX Daemon Server] - 2025-02-19T07:27:07.962Z - Done responding to the client project-graph
[NX Daemon Server] - 2025-02-19T07:27:07.962Z - Handled REQUEST_PROJECT_GRAPH. Handling time: 1. Response time: 2.
[NX Daemon Server] - 2025-02-19T07:27:07.968Z - [REQUEST]: Responding to the client. handleRunPreTasksExecution
[NX Daemon Server] - 2025-02-19T07:27:07.968Z - Time taken for 'preTasksExecution' 1.1432999999999538ms
[NX Daemon Server] - 2025-02-19T07:27:07.969Z - Done responding to the client handleRunPreTasksExecution
[NX Daemon Server] - 2025-02-19T07:27:07.969Z - Handled PRE_TASKS_EXECUTION. Handling time: 1. Response time: 1.
[NX Daemon Server] - 2025-02-19T07:27:08.008Z - [REQUEST]: Responding to the client. handleHashTasks
[NX Daemon Server] - 2025-02-19T07:27:08.009Z - Done responding to the client handleHashTasks
[NX Daemon Server] - 2025-02-19T07:27:08.009Z - Handled HASH_TASKS. Handling time: 12. Response time: 1.
[NX Daemon Server] - 2025-02-19T07:27:08.052Z - [REQUEST]: Responding to the client. handleGetEstimatedTaskTimings
[NX Daemon Server] - 2025-02-19T07:27:08.052Z - Done responding to the client handleGetEstimatedTaskTimings
[NX Daemon Server] - 2025-02-19T07:27:08.052Z - Handled GET_ESTIMATED_TASK_TIMINGS. Handling time: 23. Response time: 1.
[NX Daemon Server] - 2025-02-19T07:27:11.558Z - [REQUEST]: Responding to the client. recordOutputsHash
[NX Daemon Server] - 2025-02-19T07:27:11.559Z - [WATCHER]: Processing file changes in outputs
[NX Daemon Server] - 2025-02-19T07:27:11.561Z - [WATCHER]: 0 file(s) created or restored, 9 file(s) modified, 0 file(s) deleted
[NX Daemon Server] - 2025-02-19T07:27:11.562Z - Done responding to the client recordOutputsHash
[NX Daemon Server] - 2025-02-19T07:27:11.562Z - Handled RECORD_OUTPUTS_HASH. Handling time: 1. Response time: 4.
[NX Daemon Server] - 2025-02-19T07:27:11.564Z - [REQUEST]: Responding to the client. recordOutputsHash
[NX Daemon Server] - 2025-02-19T07:27:11.564Z - Done responding to the client recordOutputsHash
[NX Daemon Server] - 2025-02-19T07:27:11.565Z - Handled RECORD_OUTPUTS_HASH. Handling time: 0. Response time: 1.
[NX Daemon Server] - 2025-02-19T07:27:11.591Z - [REQUEST]: Responding to the client. recordOutputsHash
[NX Daemon Server] - 2025-02-19T07:27:11.592Z - Done responding to the client recordOutputsHash
[NX Daemon Server] - 2025-02-19T07:27:11.592Z - Handled RECORD_OUTPUTS_HASH. Handling time: 0. Response time: 1.
[NX Daemon Server] - 2025-02-19T07:27:11.599Z - [REQUEST]: Responding to the client. handleRecordTaskRuns
[NX Daemon Server] - 2025-02-19T07:27:11.600Z - Done responding to the client handleRecordTaskRuns
[NX Daemon Server] - 2025-02-19T07:27:11.600Z - Handled RECORD_TASK_RUNS. Handling time: 1. Response time: 1.
[NX Daemon Server] - 2025-02-19T07:27:11.601Z - [REQUEST]: Responding to the client. handleGetFlakyTasks
[NX Daemon Server] - 2025-02-19T07:27:11.602Z - Done responding to the client handleGetFlakyTasks
[NX Daemon Server] - 2025-02-19T07:27:11.602Z - Handled GET_FLAKY_TASKS. Handling time: 0. Response time: 1.
[NX Daemon Server] - 2025-02-19T07:27:11.607Z - [REQUEST]: Responding to the client. handleRunPostTasksExecution
[NX Daemon Server] - 2025-02-19T07:27:11.607Z - Time taken for 'postTasksExecution' 0.7112000000006446ms
[NX Daemon Server] - 2025-02-19T07:27:11.608Z - Done responding to the client handleRunPostTasksExecution
[NX Daemon Server] - 2025-02-19T07:27:11.608Z - Handled POST_TASKS_EXECUTION. Handling time: 1. Response time: 1.
[NX Daemon Server] - 2025-02-19T07:27:11.612Z - Closed a connection. Number of open connections: 0
[NX Daemon Server] - 2025-02-19T07:27:11.670Z - [REQUEST]: Updated workspace context based on watched changes, recomputing project graph...
[NX Daemon Server] - 2025-02-19T07:27:11.671Z - [REQUEST]: packages/cart/lib/cart.d.ts,packages/order/lib/order.js,packages/cart/lib/cart.js,packages/order/lib/order.d.ts,packages/cart/lib/cart.js.map,packages/order/lib/order.js.map,packages/user-auth/lib/user-auth.js,packages/user-auth/lib/user-auth.d.ts,packages/user-auth/lib/user-auth.js.map
[NX Daemon Server] - 2025-02-19T07:27:11.671Z - [REQUEST]: 
[NX Daemon Server] - 2025-02-19T07:27:11.674Z - Time taken for 'hash changed files from watcher' 0.7478000000000975ms
[NX Daemon Server] - 2025-02-19T07:27:11.687Z - Time taken for 'build-project-configs' 11.120899999999892ms
[NX Daemon Server] - 2025-02-19T07:27:11.710Z - [SYNC]: collect registered sync generators
[NX Daemon Server] - 2025-02-19T07:27:11.711Z - [SYNC]: project graph hash is the same, not collecting task sync generators
[NX Daemon Server] - 2025-02-19T07:27:11.711Z - [SYNC]: nx.json hash is the same, not collecting global sync generators
[NX Daemon Server] - 2025-02-19T07:27:11.711Z - Time taken for 'total execution time for createProjectGraph()' 13.735999999999876ms
[NX Daemon Server] - 2025-02-19T07:27:14.317Z - Established a connection. Number of open connections: 1
[NX Daemon Server] - 2025-02-19T07:27:14.318Z - Closed a connection. Number of open connections: 0
[NX Daemon Server] - 2025-02-19T07:27:14.318Z - Established a connection. Number of open connections: 1
[NX Daemon Server] - 2025-02-19T07:27:14.320Z - [REQUEST]: Client Request for Project Graph Received
[NX Daemon Server] - 2025-02-19T07:27:14.320Z - [REQUEST]: Responding to the client. project-graph
[NX Daemon Server] - 2025-02-19T07:27:14.321Z - Time taken for 'total for creating and serializing project graph' 0.5873000000001412ms
[NX Daemon Server] - 2025-02-19T07:27:14.321Z - Done responding to the client project-graph
[NX Daemon Server] - 2025-02-19T07:27:14.322Z - Handled REQUEST_PROJECT_GRAPH. Handling time: 0. Response time: 2.
[NX Daemon Server] - 2025-02-19T07:27:14.326Z - [REQUEST]: Responding to the client. handleContextFileData
[NX Daemon Server] - 2025-02-19T07:27:14.326Z - Done responding to the client handleContextFileData
[NX Daemon Server] - 2025-02-19T07:27:14.326Z - Handled GET_CONTEXT_FILE_DATA. Handling time: 0. Response time: 0.
[NX Daemon Server] - 2025-02-19T07:27:18.941Z - Closed a connection. Number of open connections: 0
[NX Daemon Server] - 2025-02-19T07:28:42.138Z - [WATCHER]: Processing file changes in outputs
[NX Daemon Server] - 2025-02-19T07:28:42.140Z - [WATCHER]: packages/user-auth/src/user-auth.ts was modified
[NX Daemon Server] - 2025-02-19T07:28:42.255Z - [REQUEST]: Updated workspace context based on watched changes, recomputing project graph...
[NX Daemon Server] - 2025-02-19T07:28:42.255Z - [REQUEST]: packages/user-auth/src/user-auth.ts
[NX Daemon Server] - 2025-02-19T07:28:42.255Z - [REQUEST]: 
[NX Daemon Server] - 2025-02-19T07:28:42.258Z - Time taken for 'hash changed files from watcher' 10.009600000004866ms
[NX Daemon Server] - 2025-02-19T07:28:42.269Z - Time taken for 'build-project-configs' 9.308400000008987ms
[NX Daemon Server] - 2025-02-19T07:28:42.293Z - [SYNC]: collect registered sync generators
[NX Daemon Server] - 2025-02-19T07:28:42.294Z - [SYNC]: project graph hash is the same, not collecting task sync generators
[NX Daemon Server] - 2025-02-19T07:28:42.294Z - [SYNC]: nx.json hash is the same, not collecting global sync generators
[NX Daemon Server] - 2025-02-19T07:28:42.294Z - Time taken for 'total execution time for createProjectGraph()' 15.995200000004843ms
